* using log directory 'C:/Forschung/GeoData/geosmdata2.Rcheck'
* using R version 3.2.1 (2015-06-18)
* using platform: x86_64-w64-mingw32 (64-bit)
* using session charset: ISO8859-1
* using option '--as-cran'
* checking for file 'geosmdata2/DESCRIPTION' ... OK
* checking extension type ... Package
* this is package 'geosmdata2' version '0.1'
* checking package namespace information ... OK
* checking package dependencies ... OK
* checking if this is a source package ... OK
* checking if there is a namespace ... OK
* checking for executable files ... OK
* checking for hidden files and directories ... OK
* checking for portable file names ... OK
* checking whether package 'geosmdata2' can be installed ... OK
* checking installed package size ... OK
* checking package directory ... OK
* checking DESCRIPTION meta-information ... OK
* checking top-level files ... OK
* checking for left-over files ... OK
* checking index information ... OK
* checking package subdirectories ... OK
* checking R files for non-ASCII characters ... OK
* checking R files for syntax errors ... OK
* checking whether the package can be loaded ... OK
* checking whether the package can be loaded with stated dependencies ... OK
* checking whether the package can be unloaded cleanly ... OK
* checking whether the namespace can be loaded with stated dependencies ... OK
* checking whether the namespace can be unloaded cleanly ... OK
* checking loading without being on the library search path ... OK
* checking dependencies in R code ... NOTE
Namespace in Imports field not imported from: 'sp'
  All declared Imports should be used.
Packages in Depends field not imported from:
  'RCurl' 'XML' 'rjson' 'stringr'
  These packages need to be imported from (in the NAMESPACE file)
  for when this namespace is loaded but not attached.
* checking S3 generic/method consistency ... OK
* checking replacement functions ... OK
* checking foreign function calls ... OK
* checking R code for possible problems ... NOTE
CircSearch: no visible binding for global variable 'osm_df'
CircSearch: no visible global function definition for 'xmlParse'
CountNodes: no visible global function definition for 'xmlRoot'
CountNodes: no visible global function definition for 'xmlSApply'
CountNodes: no visible binding for global variable 'xmlAttrs'
extract_info_op: no visible binding for global variable 'osm_df'
extract_info_op: no visible global function definition for 'xpathApply'
extract_position_op: no visible binding for global variable 'osm_df'
extract_position_op: no visible global function definition for
  'xpathApply'
geocode_osm: no visible global function definition for
  'str_replace_all'
geocode_osm: no visible global function definition for 'str_c'
geocode_osm: no visible global function definition for 'fromJSON'
get_osm_area: no visible binding for global variable 'osm_df'
get_osm_area: no visible global function definition for 'xmlParse'
get_osm_nodes: no visible binding for global variable 'osm_df'
get_osm_nodes: no visible global function definition for 'xmlParse'
get_osm_nodes_around: no visible global function definition for
  'xmlParse'
get_osm_relation: no visible binding for global variable 'osm_df'
get_osm_relation: no visible global function definition for 'xmlParse'
get_osm_ways: no visible binding for global variable 'osm_df'
get_osm_ways: no visible global function definition for 'xmlParse'
plotbui: no visible binding for global variable 'k'
plotbui: no visible global function definition for 'as_sp'
* checking Rd files ... OK
* checking Rd metadata ... OK
* checking Rd line widths ... OK
* checking Rd cross-references ... OK
* checking for missing documentation entries ... OK
* checking for code/documentation mismatches ... OK
* checking Rd \usage sections ... OK
* checking Rd contents ... OK
* checking for unstated dependencies in examples ... OK
* checking contents of 'data' directory ... OK
* checking data for non-ASCII characters ... NOTE
  Fehler in iconv(x, ...) : 
    Zeichenkette '+493024720552 b\0\016' enthält nul Zeichen
  Ruft auf: print ... format.check_package_datasets -> paste0 -> iconv0 -> paste0 -> iconv
  Ausführung angehalten
* checking data for ASCII and uncompressed saves ... OK
* checking files in 'vignettes' ... OK
* checking examples ... ERROR
Running examples in 'geosmdata2-Ex.R' failed
The error most likely occurred in:

> base::assign(".ptime", proc.time(), pos = "CheckExEnv")
> ### Name: CircSearch
> ### Title: function CircSearch
> ### Aliases: CircSearch
> 
> ### ** Examples
> 
> gc <- geocode_osm(place="Venice beach",output="all")
Error: could not find function "geocode_osm"
Execution halted
* checking PDF version of manual ... OK
* DONE
Status: 1 ERROR, 3 NOTEs
