* using log directory 'C:/Users/kolbjp/Documents/GitHub/GeoData/geosmdata.Rcheck'
* using R version 3.2.3 (2015-12-10)
* using platform: x86_64-w64-mingw32 (64-bit)
* using session charset: ISO8859-1
* checking for file 'geosmdata/DESCRIPTION' ... OK
* checking extension type ... Package
* this is package 'geosmdata' version '0.1'
* checking package namespace information ... OK
* checking package dependencies ... OK
* checking if this is a source package ... OK
* checking if there is a namespace ... OK
* checking for executable files ... OK
* checking for hidden files and directories ... OK
* checking for portable file names ... OK
* checking whether package 'geosmdata' can be installed ... OK
* checking installed package size ... OK
* checking package directory ... OK
* checking DESCRIPTION meta-information ... NOTE
Malformed Description field: should contain one or more complete sentences.
Non-standard license specification:
  What license is it under?
Standardizable: FALSE
* checking top-level files ... OK
* checking for left-over files ... OK
* checking index information ... OK
* checking package subdirectories ... OK
* checking R files for non-ASCII characters ... OK
* checking R files for syntax errors ... OK
* checking whether the package can be loaded ... OK
* checking whether the package can be loaded with stated dependencies ... OK
* checking whether the package can be unloaded cleanly ... OK
* checking whether the namespace can be loaded with stated dependencies ... OK
* checking whether the namespace can be unloaded cleanly ... OK
* checking loading without being on the library search path ... OK
* checking dependencies in R code ... OK
* checking S3 generic/method consistency ... OK
* checking replacement functions ... OK
* checking foreign function calls ... OK
* checking R code for possible problems ... NOTE
get_osm_nodes: no visible binding for global variable 'osm_df'
get_osm_nodes: no visible global function definition for 'xmlParse'
* checking Rd files ... OK
* checking Rd metadata ... OK
* checking Rd cross-references ... OK
* checking for missing documentation entries ... WARNING
Undocumented code objects:
  'get_osm_nodes' 'osm_df'
Undocumented data sets:
  'osm_df'
All user-level objects in a package should have documentation entries.
See chapter 'Writing R documentation files' in the 'Writing R
Extensions' manual.
* checking for code/documentation mismatches ... WARNING
Functions or methods with usage in documentation object 'hello' but not in code:
  hello

* checking Rd \usage sections ... OK
* checking Rd contents ... OK
* checking for unstated dependencies in examples ... OK
* checking contents of 'data' directory ... OK
* checking data for non-ASCII characters ... OK
* checking data for ASCII and uncompressed saves ... WARNING
  Warning: package needs dependence on R (>= 2.10)
* checking examples ... ERROR
Running examples in 'geosmdata-Ex.R' failed
The error most likely occurred in:

> ### Name: hello
> ### Title: Hello, World!
> ### Aliases: hello
> 
> ### ** Examples
> 
> hello()
Error: could not find function "hello"
Execution halted
* checking PDF version of manual ... OK
* DONE
Status: 1 ERROR, 3 WARNINGs, 2 NOTEs
